<?xml version="1.0" encoding="UTF-8"?>
<!-- Generated by org.testng.reporters.JUnitXMLReporter -->
<testsuite ignored="0" hostname="DESKTOP-K8KQB5N" failures="0" tests="2" name="Default test" time="3.775" errors="0" timestamp="2021-08-01T12:00:50 EDT">
  <testcase classname="TestPass1.Test8_DynamicControls" name="Test8_DynamicControlsCheckbox" time="0.039"/>
  <testcase classname="TestPass1.Test8_DynamicControls" name="Test8_DynamicControlsButton" time="0.005"/>
</testsuite> <!-- Default test -->
