<?xml version="1.0" encoding="UTF-8"?>
<testng-results ignored="0" total="2" passed="2" failed="0" skipped="0">
  <reporter-output>
  </reporter-output>
  <suite started-at="2021-08-01T12:00:46 EDT" name="Default suite" finished-at="2021-08-01T12:00:50 EDT" duration-ms="3775">
    <groups>
    </groups>
    <test started-at="2021-08-01T12:00:46 EDT" name="Default test" finished-at="2021-08-01T12:00:50 EDT" duration-ms="3775">
      <class name="TestPass1.Test8_DynamicControls">
        <test-method is-config="true" signature="Setup()[pri:0, instance:TestPass1.Test8_DynamicControls@470f1802]" started-at="2021-08-01T12:00:46 EDT" name="Setup" finished-at="2021-08-01T12:00:49 EDT" duration-ms="2918" status="PASS">
          <reporter-output>
          </reporter-output>
        </test-method> <!-- Setup -->
        <test-method signature="Test8_DynamicControlsCheckbox()[pri:1, instance:TestPass1.Test8_DynamicControls@470f1802]" started-at="2021-08-01T12:00:49 EDT" name="Test8_DynamicControlsCheckbox" finished-at="2021-08-01T12:00:49 EDT" duration-ms="39" status="PASS">
          <reporter-output>
          </reporter-output>
        </test-method> <!-- Test8_DynamicControlsCheckbox -->
        <test-method signature="Test8_DynamicControlsButton()[pri:2, instance:TestPass1.Test8_DynamicControls@470f1802]" started-at="2021-08-01T12:00:49 EDT" name="Test8_DynamicControlsButton" finished-at="2021-08-01T12:00:49 EDT" duration-ms="5" status="PASS">
          <reporter-output>
          </reporter-output>
        </test-method> <!-- Test8_DynamicControlsButton -->
        <test-method is-config="true" signature="TearDown()[pri:0, instance:TestPass1.Test8_DynamicControls@470f1802]" started-at="2021-08-01T12:00:49 EDT" name="TearDown" finished-at="2021-08-01T12:00:50 EDT" duration-ms="739" status="PASS">
          <reporter-output>
          </reporter-output>
        </test-method> <!-- TearDown -->
      </class> <!-- TestPass1.Test8_DynamicControls -->
    </test> <!-- Default test -->
  </suite> <!-- Default suite -->
</testng-results>
