<?xml version="1.0" encoding="UTF-8"?>
<testng-results ignored="0" total="1" passed="1" failed="0" skipped="0">
  <reporter-output>
  </reporter-output>
  <suite started-at="2021-08-01T23:48:53 EDT" name="Default suite" finished-at="2021-08-01T23:49:05 EDT" duration-ms="12332">
    <groups>
    </groups>
    <test started-at="2021-08-01T23:48:53 EDT" name="Default test" finished-at="2021-08-01T23:49:05 EDT" duration-ms="12332">
      <class name="TestPass1.Test15_JavaScriptAlerts">
        <test-method is-config="true" signature="Setup()[pri:0, instance:TestPass1.Test15_JavaScriptAlerts@4a22f9e2]" started-at="2021-08-01T23:48:53 EDT" name="Setup" finished-at="2021-08-01T23:48:56 EDT" duration-ms="3134" status="PASS">
          <reporter-output>
          </reporter-output>
        </test-method> <!-- Setup -->
        <test-method signature="Test15_JavaScriptAlerts()[pri:0, instance:TestPass1.Test15_JavaScriptAlerts@4a22f9e2]" started-at="2021-08-01T23:48:56 EDT" name="Test15_JavaScriptAlerts" finished-at="2021-08-01T23:49:04 EDT" duration-ms="8376" status="PASS">
          <reporter-output>
          </reporter-output>
        </test-method> <!-- Test15_JavaScriptAlerts -->
        <test-method is-config="true" signature="TearDown()[pri:0, instance:TestPass1.Test15_JavaScriptAlerts@4a22f9e2]" started-at="2021-08-01T23:49:04 EDT" name="TearDown" finished-at="2021-08-01T23:49:05 EDT" duration-ms="759" status="PASS">
          <reporter-output>
          </reporter-output>
        </test-method> <!-- TearDown -->
      </class> <!-- TestPass1.Test15_JavaScriptAlerts -->
    </test> <!-- Default test -->
  </suite> <!-- Default suite -->
</testng-results>
